2025-07-21 17:21:33 [main] INFO  Log - Starting the WebDriver......!!!
2025-07-21 17:21:38 [main] INFO  Log - Navigating to the URL!!!!!!
2025-07-21 17:21:43 [main] INFO  Log - Clicking the Login Button....!!!!!!
2025-07-21 17:21:44 [main] INFO  Log - Closing the Browser!!!!!!
2025-07-21 17:27:58 [main] INFO  Log - Starting the WebDriver......!!!
2025-07-21 17:28:00 [main] INFO  Log - Navigating to the URL!!!!!!
2025-07-21 17:28:03 [main] INFO  Log - Starting Login Test......!!!!!
2025-07-21 17:28:03 [main] INFO  Log - Adding the Credentials!!!!!
2025-07-21 17:28:04 [main] INFO  Log - Clicking the Login Button....!!!!!!
2025-07-21 17:28:04 [main] INFO  Log - Verifying the Page Title......!!!!!!
2025-07-21 17:28:04 [main] INFO  Log - Closing the Browser!!!!!!
2025-07-21 17:29:58 [main] INFO  Log - Starting the WebDriver......!!!
2025-07-21 17:29:59 [main] INFO  Log - Navigating to the URL!!!!!!
2025-07-21 17:30:04 [main] INFO  Log - Starting Login Test......!!!!!
2025-07-21 17:30:04 [main] INFO  Log - Adding the Credentials!!!!!
2025-07-21 17:30:04 [main] INFO  Log - Clicking the Login Button....!!!!!!
2025-07-21 17:30:04 [main] INFO  Log - Verifying the Page Title......!!!!!!
2025-07-21 17:30:04 [main] INFO  Log - Closing the Browser!!!!!!
2025-07-21 20:41:31 [main] INFO  Log - Starting the WebDriver......!!!
2025-07-21 20:41:34 [main] INFO  Log - Navigating to the URL!!!!!!
2025-07-21 20:41:37 [main] INFO  Log - Starting Login Test......!!!!!
2025-07-21 20:41:37 [main] INFO  Log - Adding the Credentials!!!!!
2025-07-21 20:41:38 [main] INFO  Log - Clicking the Login Button....!!!!!!
2025-07-21 20:41:38 [main] INFO  Log - Verifying the Page Title......!!!!!!
2025-07-21 20:41:38 [main] INFO  Log - Closing the Browser!!!!!!
2025-07-22 17:19:13 [main] INFO  Log - Starting the WebDriver......!!!
2025-07-22 17:19:16 [main] INFO  Log - Navigating to the URL!!!!!!
2025-07-22 17:19:19 [main] INFO  Log - Starting Login Test......!!!!!
2025-07-22 17:19:19 [main] INFO  Log - Adding the Credentials!!!!!
2025-07-22 17:19:20 [main] INFO  Log - Clicking the Login Button....!!!!!!
2025-07-22 17:19:20 [main] INFO  Log - Verifying the Page Title......!!!!!!
2025-07-22 17:19:20 [main] INFO  Log - Closing the Browser!!!!!!
2025-07-25 06:23:48 [main] INFO  Log - Starting the WebDriver......!!!
2025-07-25 06:23:52 [main] INFO  Log - Navigating to the URL!!!!!!
2025-07-25 06:23:53 [main] INFO  Log - Starting Login Test......!!!!!
2025-07-25 06:23:53 [main] INFO  Log - Adding the Credentials!!!!!
2025-07-25 06:23:53 [main] INFO  Log - Clicking the Login Button....!!!!!!
2025-07-25 06:23:55 [main] INFO  Log - Verifying the Page Title......!!!!!!
2025-07-25 06:23:56 [main] INFO  Log - Closing the Browser!!!!!!
2025-07-25 06:36:20 [main] INFO  Log - Starting the WebDriver......!!!
2025-07-25 06:36:22 [main] INFO  Log - Navigating to the URL!!!!!!
2025-07-25 06:36:23 [main] INFO  Log - Starting Login Test......!!!!!
2025-07-25 06:36:23 [main] INFO  Log - Adding the Credentials!!!!!
2025-07-25 06:36:23 [main] INFO  Log - Clicking the Login Button....!!!!!!
2025-07-25 06:36:24 [main] INFO  Log - Verifying the Page Title......!!!!!!
2025-07-25 06:36:25 [main] INFO  Log - Closing the Browser!!!!!!
2025-07-25 06:42:59 [main] INFO  Log - Starting the WebDriver......!!!
2025-07-25 06:43:02 [main] INFO  Log - Navigating to the URL!!!!!!
2025-07-25 06:43:02 [main] INFO  Log - Starting Login Test......!!!!!
2025-07-25 06:43:02 [main] INFO  Log - Adding the Credentials!!!!!
2025-07-25 06:43:03 [main] INFO  Log - Clicking the Login Button....!!!!!!
2025-07-25 06:43:04 [main] INFO  Log - Verifying the Page Title......!!!!!!
2025-07-25 06:43:05 [main] INFO  Log - Closing the Browser!!!!!!
2025-07-25 06:45:00 [main] INFO  Log - Starting the WebDriver......!!!
2025-07-25 06:45:01 [main] INFO  Log - Navigating to the URL!!!!!!
2025-07-25 06:45:02 [main] INFO  Log - Starting Login Test......!!!!!
2025-07-25 06:45:02 [main] INFO  Log - Adding the Credentials!!!!!
2025-07-25 06:45:02 [main] INFO  Log - Clicking the Login Button....!!!!!!
2025-07-25 06:45:05 [main] INFO  Log - Verifying the Page Title......!!!!!!
2025-07-25 06:45:06 [main] INFO  Log - Closing the Browser!!!!!!
2025-07-25 06:45:48 [main] INFO  Log - Starting the WebDriver......!!!
2025-07-25 06:45:49 [main] INFO  Log - Navigating to the URL!!!!!!
2025-07-25 06:45:50 [main] INFO  Log - Starting Login Test......!!!!!
2025-07-25 06:45:50 [main] INFO  Log - Adding the Credentials!!!!!
2025-07-25 06:45:50 [main] INFO  Log - Clicking the Login Button....!!!!!!
2025-07-25 06:45:52 [main] INFO  Log - Verifying the Page Title......!!!!!!
2025-07-25 06:45:53 [main] INFO  Log - Closing the Browser!!!!!!
2025-07-25 06:47:31 [main] INFO  Log - Starting the WebDriver......!!!
2025-07-25 06:47:32 [main] INFO  Log - Navigating to the URL!!!!!!
2025-07-25 06:47:33 [main] INFO  Log - Starting Login Test......!!!!!
2025-07-25 06:47:33 [main] INFO  Log - Adding the Credentials!!!!!
2025-07-25 06:47:33 [main] INFO  Log - Clicking the Login Button....!!!!!!
2025-07-25 06:47:35 [main] INFO  Log - Verifying the Page Title......!!!!!!
2025-07-25 06:47:36 [main] INFO  Log - Closing the Browser!!!!!!
2025-07-25 06:51:23 [main] INFO  Log - Starting the WebDriver......!!!
2025-07-25 06:51:24 [main] INFO  Log - Navigating to the URL!!!!!!
2025-07-25 06:51:25 [main] INFO  Log - Starting Login Test......!!!!!
2025-07-25 06:51:25 [main] INFO  Log - Adding the Credentials!!!!!
2025-07-25 06:51:25 [main] INFO  Log - Clicking the Login Button....!!!!!!
2025-07-25 06:51:26 [main] INFO  Log - Verifying the Page Title......!!!!!!
2025-07-25 06:51:28 [main] INFO  Log - Closing the Browser!!!!!!
2025-07-25 06:54:28 [main] INFO  Log - Starting the WebDriver......!!!
2025-07-25 06:54:29 [main] INFO  Log - Navigating to the URL!!!!!!
2025-07-25 06:54:30 [main] INFO  Log - Starting Login Test......!!!!!
2025-07-25 06:54:30 [main] INFO  Log - Adding the Credentials!!!!!
2025-07-25 06:54:30 [main] INFO  Log - Clicking the Login Button....!!!!!!
2025-07-25 06:54:30 [main] INFO  Log - Verifying the Page Title......!!!!!!
2025-07-25 06:54:32 [main] INFO  Log - Closing the Browser!!!!!!
2025-07-25 06:57:21 [main] INFO  Log - Starting the WebDriver......!!!
2025-07-25 06:57:23 [main] INFO  Log - Navigating to the URL!!!!!!
2025-07-25 06:57:23 [main] INFO  Log - Starting Login Test......!!!!!
2025-07-25 06:57:23 [main] INFO  Log - Adding the Credentials!!!!!
2025-07-25 06:57:23 [main] INFO  Log - Clicking the Login Button....!!!!!!
2025-07-25 06:57:25 [main] INFO  Log - Verifying the Page Title......!!!!!!
2025-07-25 06:57:27 [main] INFO  Log - Closing the Browser!!!!!!
2025-07-25 07:00:51 [main] INFO  Log - Starting the WebDriver......!!!
2025-07-25 07:00:52 [main] INFO  Log - Navigating to the URL!!!!!!
2025-07-25 07:00:53 [main] INFO  Log - Starting Login Test......!!!!!
2025-07-25 07:00:53 [main] INFO  Log - Adding the Credentials!!!!!
2025-07-25 07:00:53 [main] INFO  Log - Clicking the Login Button....!!!!!!
2025-07-25 07:00:56 [main] INFO  Log - Verifying the Page Title......!!!!!!
2025-07-25 07:00:57 [main] INFO  Log - Closing the Browser!!!!!!
2025-07-25 07:10:27 [main] INFO  Log - Starting the WebDriver......!!!
2025-07-25 07:10:29 [main] INFO  Log - Navigating to the URL!!!!!!
2025-07-25 07:10:29 [main] INFO  Log - Starting Login Test......!!!!!
2025-07-25 07:10:29 [main] INFO  Log - Adding the Credentials!!!!!
2025-07-25 07:10:30 [main] INFO  Log - Clicking the Login Button....!!!!!!
2025-07-25 07:10:31 [main] INFO  Log - Verifying the Page Title......!!!!!!
2025-07-25 07:10:32 [main] INFO  Log - Closing the Browser!!!!!!
2025-07-25 07:11:46 [main] INFO  Log - Starting the WebDriver......!!!
2025-07-25 07:11:48 [main] INFO  Log - Navigating to the URL!!!!!!
2025-07-25 07:11:48 [main] INFO  Log - Starting Login Test......!!!!!
2025-07-25 07:11:48 [main] INFO  Log - Adding the Credentials!!!!!
2025-07-25 07:11:49 [main] INFO  Log - Clicking the Login Button....!!!!!!
2025-07-25 07:11:50 [main] INFO  Log - Verifying the Page Title......!!!!!!
2025-07-25 07:11:51 [main] INFO  Log - Closing the Browser!!!!!!
2025-07-25 07:16:32 [main] INFO  Log - Starting the WebDriver......!!!
2025-07-25 07:16:33 [main] INFO  Log - Navigating to the URL!!!!!!
2025-07-25 07:16:34 [main] INFO  Log - Starting Login Test......!!!!!
2025-07-25 07:16:34 [main] INFO  Log - Adding the Credentials!!!!!
2025-07-25 07:16:34 [main] INFO  Log - Clicking the Login Button....!!!!!!
2025-07-25 07:16:35 [main] INFO  Log - Verifying the Page Title......!!!!!!
2025-07-25 07:16:37 [main] INFO  Log - Closing the Browser!!!!!!
2025-07-25 07:17:38 [main] INFO  Log - Starting the WebDriver......!!!
2025-07-25 07:17:39 [main] INFO  Log - Navigating to the URL!!!!!!
2025-07-25 07:17:40 [main] INFO  Log - Starting Login Test......!!!!!
2025-07-25 07:17:40 [main] INFO  Log - Adding the Credentials!!!!!
2025-07-25 07:17:40 [main] INFO  Log - Clicking the Login Button....!!!!!!
2025-07-25 07:17:42 [main] INFO  Log - Verifying the Page Title......!!!!!!
2025-07-25 07:17:42 [main] INFO  Log - Closing the Browser!!!!!!
2025-07-25 07:22:23 [main] INFO  Log - Starting the WebDriver......!!!
2025-07-25 07:22:25 [main] INFO  Log - Navigating to the URL!!!!!!
2025-07-25 07:22:25 [main] INFO  Log - Starting Login Test......!!!!!
2025-07-25 07:22:25 [main] INFO  Log - Adding the Credentials!!!!!
2025-07-25 07:22:26 [main] INFO  Log - Clicking the Login Button....!!!!!!
2025-07-25 07:22:26 [main] INFO  Log - Verifying the Page Title......!!!!!!
2025-07-25 07:22:26 [main] INFO  Log - Closing the Browser!!!!!!
2025-07-25 07:22:27 [main] INFO  Log - Starting the WebDriver......!!!
2025-07-25 07:22:28 [main] INFO  Log - Navigating to the URL!!!!!!
2025-07-25 07:22:28 [main] INFO  Log - Starting Login Test......!!!!!
2025-07-25 07:22:28 [main] INFO  Log - Adding the Credentials!!!!!
2025-07-25 07:22:28 [main] INFO  Log - Clicking the Login Button....!!!!!!
2025-07-25 07:22:30 [main] INFO  Log - Verifying the Page Title......!!!!!!
2025-07-25 07:22:31 [main] INFO  Log - Closing the Browser!!!!!!
2025-07-25 07:23:28 [main] INFO  Log - Starting the WebDriver......!!!
2025-07-25 07:23:29 [main] INFO  Log - Navigating to the URL!!!!!!
2025-07-25 07:23:30 [main] INFO  Log - Starting Login Test......!!!!!
2025-07-25 07:23:30 [main] INFO  Log - Adding the Credentials!!!!!
2025-07-25 07:23:30 [main] INFO  Log - Clicking the Login Button....!!!!!!
2025-07-25 07:23:32 [main] INFO  Log - Verifying the Page Title......!!!!!!
2025-07-25 07:23:33 [main] INFO  Log - Closing the Browser!!!!!!
2025-07-25 07:23:33 [main] INFO  Log - Starting the WebDriver......!!!
2025-07-25 07:23:34 [main] INFO  Log - Navigating to the URL!!!!!!
2025-07-25 07:23:34 [main] INFO  Log - Starting Login Test......!!!!!
2025-07-25 07:23:34 [main] INFO  Log - Adding the Credentials!!!!!
2025-07-25 07:23:35 [main] INFO  Log - Clicking the Login Button....!!!!!!
2025-07-25 07:23:35 [main] INFO  Log - Verifying the Page Title......!!!!!!
2025-07-25 07:23:35 [main] INFO  Log - Closing the Browser!!!!!!
2025-07-25 07:27:55 [main] INFO  Log - Starting the WebDriver......!!!
2025-07-25 07:27:58 [main] INFO  Log - Navigating to the URL!!!!!!
2025-07-25 07:27:58 [main] INFO  Log - Starting Login Test......!!!!!
2025-07-25 07:27:58 [main] INFO  Log - Adding the Credentials!!!!!
2025-07-25 07:27:58 [main] INFO  Log - Clicking the Login Button....!!!!!!
2025-07-25 07:28:00 [main] INFO  Log - Verifying the Page Title......!!!!!!
2025-07-25 07:28:01 [main] INFO  Log - Closing the Browser!!!!!!
2025-07-25 07:28:01 [main] INFO  Log - Starting the WebDriver......!!!
2025-07-25 07:28:02 [main] INFO  Log - Navigating to the URL!!!!!!
2025-07-25 07:28:02 [main] INFO  Log - Starting Login Test......!!!!!
2025-07-25 07:28:03 [main] INFO  Log - Adding the Credentials!!!!!
2025-07-25 07:28:03 [main] INFO  Log - Clicking the Login Button....!!!!!!
2025-07-25 07:28:03 [main] INFO  Log - Verifying the Page Title......!!!!!!
2025-07-25 07:28:03 [main] INFO  Log - Closing the Browser!!!!!!
2025-07-25 07:31:47 [main] INFO  Log - Starting the WebDriver......!!!
2025-07-25 07:31:49 [main] INFO  Log - Navigating to the URL!!!!!!
2025-07-25 07:31:49 [main] INFO  Log - Starting Login Test......!!!!!
2025-07-25 07:31:49 [main] INFO  Log - Adding the Credentials!!!!!
2025-07-25 07:31:50 [main] INFO  Log - Clicking the Login Button....!!!!!!
2025-07-25 07:31:50 [main] INFO  Log - Verifying the Page Title......!!!!!!
2025-07-25 07:31:53 [main] INFO  Log - Closing the Browser!!!!!!
2025-07-25 07:31:53 [main] INFO  Log - Starting the WebDriver......!!!
2025-07-25 07:31:54 [main] INFO  Log - Navigating to the URL!!!!!!
2025-07-25 07:31:55 [main] INFO  Log - Starting Login Test......!!!!!
2025-07-25 07:31:55 [main] INFO  Log - Adding the Credentials!!!!!
2025-07-25 07:31:55 [main] INFO  Log - Clicking the Login Button....!!!!!!
2025-07-25 07:31:55 [main] INFO  Log - Verifying the Page Title......!!!!!!
2025-07-25 07:31:55 [main] INFO  Log - Closing the Browser!!!!!!
